<?xml version="1.0" encoding="UTF-8"?>
<!-- Generated by org.testng.reporters.JUnitXMLReporter -->
<testsuite ignored="0" hostname="LAPTOP-DOBLN3AU" failures="0" tests="4" name="AboutPage Test2" time="3.297" errors="0" timestamp="30 Sep 2021 12:15:28 GMT">
  <testcase classname="com.qa.medicare.testcases.AboutPageTest" name="Startbrowser" time="2.742"/>
  <testcase classname="com.qa.medicare.testcases.AboutPageTest" name="Homepagetest" time="0.482"/>
  <testcase classname="com.qa.medicare.testcases.AboutPageTest" name="AboutPageTitle" time="0.022"/>
  <testcase classname="com.qa.medicare.testcases.AboutPageTest" name="getTextValueTest" time="0.049"/>
</testsuite> <!-- AboutPage Test2 -->
