<?xml version="1.0" encoding="UTF-8"?>
<!-- Generated by org.testng.reporters.JUnitXMLReporter -->
<testsuite ignored="0" hostname="LAPTOP-DOBLN3AU" failures="0" tests="4" name="HomePage Test" time="6.857" errors="0" timestamp="30 Sep 2021 12:15:25 GMT">
  <testcase classname="com.qa.medicare.testcases.HomePageTest" name="startBrowser" time="3.44"/>
  <testcase classname="com.qa.medicare.testcases.HomePageTest" name="testtitlePage" time="0.013"/>
  <testcase classname="com.qa.medicare.testcases.HomePageTest" name="AboutMedicareTest" time="0.504"/>
  <testcase classname="com.qa.medicare.testcases.HomePageTest" name="ProductClickTest" time="2.868"/>
</testsuite> <!-- HomePage Test -->
