<?xml version="1.0" encoding="UTF-8"?>
<!-- Generated by org.testng.reporters.JUnitXMLReporter -->
<testsuite ignored="0" hostname="LAPTOP-DOBLN3AU" failures="0" tests="3" name="OrderPageTest Test2" time="20.09" errors="0" timestamp="30 Sep 2021 12:16:08 GMT">
  <testcase classname="com.qa.medicare.testcases.OrderPageTest" name="StartBrowser" time="4.248"/>
  <testcase classname="com.qa.medicare.testcases.OrderPageTest" name="OrderCreateTest" time="12.419"/>
  <testcase classname="com.qa.medicare.testcases.OrderPageTest" name="HabdleAlertTest" time="3.42"/>
</testsuite> <!-- OrderPageTest Test2 -->
