<?xml version="1.0" encoding="UTF-8"?>
<!-- Generated by org.testng.reporters.JUnitXMLReporter -->
<testsuite ignored="0" hostname="LAPTOP-DOBLN3AU" failures="0" tests="6" name="ProductPageTest Test2" time="12.318" errors="0" timestamp="30 Sep 2021 12:15:41 GMT">
  <testcase classname="com.qa.medicare.testcases.ProductPageTest" name="startbrowser" time="4.03"/>
  <testcase classname="com.qa.medicare.testcases.ProductPageTest" name="TestTitle" time="0.007"/>
  <testcase classname="com.qa.medicare.testcases.ProductPageTest" name="respClicktest" time="2.661"/>
  <testcase classname="com.qa.medicare.testcases.ProductPageTest" name="aspiratorClickTest" time="2.873"/>
  <testcase classname="com.qa.medicare.testcases.ProductPageTest" name="diaClick" time="2.7"/>
  <testcase classname="com.qa.medicare.testcases.ProductPageTest" name="RangeTextText" time="0.043"/>
</testsuite> <!-- ProductPageTest Test2 -->
