<?xml version="1.0" encoding="UTF-8"?>
<!-- Generated by org.testng.reporters.JUnitXMLReporter -->
<testsuite ignored="0" hostname="LAPTOP-DOBLN3AU" failures="0" tests="3" name="RespiratorypageTest Test2" time="7.716" errors="0" timestamp="30 Sep 2021 12:15:48 GMT">
  <testcase classname="com.qa.medicare.testcases.RespiratorypageTest" name="startBrowser" time="4.162"/>
  <testcase classname="com.qa.medicare.testcases.RespiratorypageTest" name="pagetittlecheckTest" time="0.008"/>
  <testcase classname="com.qa.medicare.testcases.RespiratorypageTest" name="dropdownclickTest" time="3.542"/>
</testsuite> <!-- RespiratorypageTest Test2 -->
