<?xml version="1.0" encoding="UTF-8"?>
<!-- Generated by org.testng.reporters.JUnitXMLReporter -->
<testsuite ignored="0" hostname="LAPTOP-DOBLN3AU" failures="0" tests="4" name="AboutPage Test2" time="3.38" errors="0" timestamp="2021-09-30T17:08:02 IST">
  <testcase classname="com.qa.medicare.testcases.AboutPageTest" name="Startbrowser" time="2.874"/>
  <testcase classname="com.qa.medicare.testcases.AboutPageTest" name="Homepagetest" time="0.431"/>
  <testcase classname="com.qa.medicare.testcases.AboutPageTest" name="AboutPageTitle" time="0.015"/>
  <testcase classname="com.qa.medicare.testcases.AboutPageTest" name="getTextValueTest" time="0.052"/>
</testsuite> <!-- AboutPage Test2 -->
