<?xml version="1.0" encoding="UTF-8"?>
<!-- Generated by org.testng.reporters.JUnitXMLReporter -->
<testsuite ignored="0" hostname="LAPTOP-DOBLN3AU" failures="0" tests="4" name="HomePage Test" time="6.119" errors="0" timestamp="2021-09-30T17:07:59 IST">
  <testcase classname="com.qa.medicare.testcases.HomePageTest" name="startBrowser" time="3.003"/>
  <testcase classname="com.qa.medicare.testcases.HomePageTest" name="testtitlePage" time="0.011"/>
  <testcase classname="com.qa.medicare.testcases.HomePageTest" name="AboutMedicareTest" time="0.458"/>
  <testcase classname="com.qa.medicare.testcases.HomePageTest" name="ProductClickTest" time="2.611"/>
</testsuite> <!-- HomePage Test -->
