<?xml version="1.0" encoding="UTF-8"?>
<!-- Generated by org.testng.reporters.JUnitXMLReporter -->
<testsuite ignored="0" hostname="LAPTOP-DOBLN3AU" failures="0" tests="3" name="OrderPageTest Test2" time="19.03" errors="0" timestamp="2021-09-30T17:08:41 IST">
  <testcase classname="com.qa.medicare.testcases.OrderPageTest" name="StartBrowser" time="4.105"/>
  <testcase classname="com.qa.medicare.testcases.OrderPageTest" name="OrderCreateTest" time="11.715"/>
  <testcase classname="com.qa.medicare.testcases.OrderPageTest" name="HabdleAlertTest" time="3.202"/>
</testsuite> <!-- OrderPageTest Test2 -->
