<?xml version="1.0" encoding="UTF-8"?>
<!-- Generated by org.testng.reporters.JUnitXMLReporter -->
<testsuite ignored="0" hostname="LAPTOP-DOBLN3AU" failures="0" tests="6" name="ProductPageTest Test2" time="12.38" errors="0" timestamp="2021-09-30T17:08:15 IST">
  <testcase classname="com.qa.medicare.testcases.ProductPageTest" name="startbrowser" time="3.866"/>
  <testcase classname="com.qa.medicare.testcases.ProductPageTest" name="TestTitle" time="0.021"/>
  <testcase classname="com.qa.medicare.testcases.ProductPageTest" name="respClicktest" time="3.086"/>
  <testcase classname="com.qa.medicare.testcases.ProductPageTest" name="aspiratorClickTest" time="2.67"/>
  <testcase classname="com.qa.medicare.testcases.ProductPageTest" name="diaClick" time="2.66"/>
  <testcase classname="com.qa.medicare.testcases.ProductPageTest" name="RangeTextText" time="0.059"/>
</testsuite> <!-- ProductPageTest Test2 -->
