<?xml version="1.0" encoding="UTF-8"?>
<!-- Generated by org.testng.reporters.JUnitXMLReporter -->
<testsuite ignored="0" hostname="LAPTOP-DOBLN3AU" failures="0" tests="3" name="RespiratorypageTest Test2" time="7.422" errors="0" timestamp="2021-09-30T17:08:22 IST">
  <testcase classname="com.qa.medicare.testcases.RespiratorypageTest" name="startBrowser" time="4.135"/>
  <testcase classname="com.qa.medicare.testcases.RespiratorypageTest" name="pagetittlecheckTest" time="0.014"/>
  <testcase classname="com.qa.medicare.testcases.RespiratorypageTest" name="dropdownclickTest" time="3.263"/>
</testsuite> <!-- RespiratorypageTest Test2 -->
