<?xml version="1.0" encoding="UTF-8"?>
<testsuite xmlns:xsi="http://www.w3.org/2001/XMLSchema-instance" xsi:noNamespaceSchemaLocation="https://maven.apache.org/surefire/maven-surefire-plugin/xsd/surefire-test-report.xsd" name="TestSuite" time="51.831" tests="20" errors="0" skipped="0" failures="0">
  <properties>
[...]
</properties>
  <testcase name="startBrowser" classname="com.qa.medicare.testcases.HomePageTest" time="3.441"/>
  <testcase name="testtitlePage" classname="com.qa.medicare.testcases.HomePageTest" time="0.011"/>
  <testcase name="AboutMedicareTest" classname="com.qa.medicare.testcases.HomePageTest" time="0.504"/>
  <testcase name="ProductClickTest" classname="com.qa.medicare.testcases.HomePageTest" time="2.867"/>
  <testcase name="Startbrowser" classname="com.qa.medicare.testcases.AboutPageTest" time="2.741"/>
  <testcase name="Homepagetest" classname="com.qa.medicare.testcases.AboutPageTest" time="0.487"/>
  <testcase name="AboutPageTitle" classname="com.qa.medicare.testcases.AboutPageTest" time="0.021"/>
  <testcase name="getTextValueTest" classname="com.qa.medicare.testcases.AboutPageTest" time="0.047"/>
  <testcase name="startbrowser" classname="com.qa.medicare.testcases.ProductPageTest" time="4.021"/>
  <testcase name="TestTitle" classname="com.qa.medicare.testcases.ProductPageTest" time="0.007"/>
  <testcase name="respClicktest" classname="com.qa.medicare.testcases.ProductPageTest" time="2.661"/>
  <testcase name="aspiratorClickTest" classname="com.qa.medicare.testcases.ProductPageTest" time="2.875"/>
  <testcase name="diaClick" classname="com.qa.medicare.testcases.ProductPageTest" time="2.7"/>
  <testcase name="RangeTextText" classname="com.qa.medicare.testcases.ProductPageTest" time="0.046"/>
  <testcase name="startBrowser" classname="com.qa.medicare.testcases.RespiratorypageTest" time="4.163"/>
  <testcase name="pagetittlecheckTest" classname="com.qa.medicare.testcases.RespiratorypageTest" time="0.01"/>
  <testcase name="dropdownclickTest" classname="com.qa.medicare.testcases.RespiratorypageTest" time="3.542"/>
  <testcase name="StartBrowser" classname="com.qa.medicare.testcases.OrderPageTest" time="4.25"/>
  <testcase name="OrderCreateTest" classname="com.qa.medicare.testcases.OrderPageTest" time="12.419"/>
  <testcase name="HabdleAlertTest" classname="com.qa.medicare.testcases.OrderPageTest" time="3.43"/>
</testsuite>