<?xml version="1.0" encoding="UTF-8"?>
<testng-results ignored="0" total="20" passed="20" failed="0" skipped="0">
  <reporter-output>
  </reporter-output>
  <suite started-at="2021-09-30T12:15:18Z" name="testCycle1" finished-at="2021-09-30T12:16:08Z" duration-ms="50382">
    <groups>
    </groups>
    <test started-at="2021-09-30T12:15:18Z" name="HomePage Test" finished-at="2021-09-30T12:15:25Z" duration-ms="6857">
      <class name="com.qa.medicare.testcases.HomePageTest">
        <test-method signature="startBrowser()[pri:49, instance:com.qa.medicare.testcases.HomePageTest@1224144a]" started-at="2021-09-30T12:15:18Z" name="startBrowser" finished-at="2021-09-30T12:15:21Z" duration-ms="3440" status="PASS">
          <reporter-output>
          </reporter-output>
        </test-method> <!-- startBrowser -->
        <test-method signature="testtitlePage()[pri:50, instance:com.qa.medicare.testcases.HomePageTest@1224144a]" started-at="2021-09-30T12:15:21Z" name="testtitlePage" finished-at="2021-09-30T12:15:21Z" duration-ms="13" status="PASS">
          <reporter-output>
          </reporter-output>
        </test-method> <!-- testtitlePage -->
        <test-method signature="AboutMedicareTest()[pri:51, instance:com.qa.medicare.testcases.HomePageTest@1224144a]" started-at="2021-09-30T12:15:21Z" name="AboutMedicareTest" finished-at="2021-09-30T12:15:22Z" duration-ms="504" status="PASS">
          <reporter-output>
          </reporter-output>
        </test-method> <!-- AboutMedicareTest -->
        <test-method signature="ProductClickTest()[pri:52, instance:com.qa.medicare.testcases.HomePageTest@1224144a]" started-at="2021-09-30T12:15:22Z" name="ProductClickTest" finished-at="2021-09-30T12:15:25Z" duration-ms="2868" status="PASS">
          <reporter-output>
          </reporter-output>
        </test-method> <!-- ProductClickTest -->
      </class> <!-- com.qa.medicare.testcases.HomePageTest -->
    </test> <!-- HomePage Test -->
    <test started-at="2021-09-30T12:15:25Z" name="AboutPage Test2" finished-at="2021-09-30T12:15:28Z" duration-ms="3297">
      <class name="com.qa.medicare.testcases.AboutPageTest">
        <test-method signature="Startbrowser()[pri:49, instance:com.qa.medicare.testcases.AboutPageTest@50029372]" started-at="2021-09-30T12:15:25Z" name="Startbrowser" finished-at="2021-09-30T12:15:28Z" duration-ms="2742" status="PASS">
          <reporter-output>
          </reporter-output>
        </test-method> <!-- Startbrowser -->
        <test-method signature="Homepagetest()[pri:50, instance:com.qa.medicare.testcases.AboutPageTest@50029372]" started-at="2021-09-30T12:15:28Z" name="Homepagetest" finished-at="2021-09-30T12:15:28Z" duration-ms="482" status="PASS">
          <reporter-output>
          </reporter-output>
        </test-method> <!-- Homepagetest -->
        <test-method signature="AboutPageTitle()[pri:51, instance:com.qa.medicare.testcases.AboutPageTest@50029372]" started-at="2021-09-30T12:15:28Z" name="AboutPageTitle" finished-at="2021-09-30T12:15:28Z" duration-ms="22" status="PASS">
          <reporter-output>
          </reporter-output>
        </test-method> <!-- AboutPageTitle -->
        <test-method signature="getTextValueTest()[pri:52, instance:com.qa.medicare.testcases.AboutPageTest@50029372]" started-at="2021-09-30T12:15:28Z" name="getTextValueTest" finished-at="2021-09-30T12:15:28Z" duration-ms="49" status="PASS">
          <reporter-output>
          </reporter-output>
        </test-method> <!-- getTextValueTest -->
      </class> <!-- com.qa.medicare.testcases.AboutPageTest -->
    </test> <!-- AboutPage Test2 -->
    <test started-at="2021-09-30T12:15:28Z" name="ProductPageTest Test2" finished-at="2021-09-30T12:15:41Z" duration-ms="12318">
      <class name="com.qa.medicare.testcases.ProductPageTest">
        <test-method signature="startbrowser()[pri:49, instance:com.qa.medicare.testcases.ProductPageTest@4b8729ff]" started-at="2021-09-30T12:15:28Z" name="startbrowser" finished-at="2021-09-30T12:15:32Z" duration-ms="4030" status="PASS">
          <reporter-output>
          </reporter-output>
        </test-method> <!-- startbrowser -->
        <test-method signature="TestTitle()[pri:50, instance:com.qa.medicare.testcases.ProductPageTest@4b8729ff]" started-at="2021-09-30T12:15:32Z" name="TestTitle" finished-at="2021-09-30T12:15:32Z" duration-ms="7" status="PASS">
          <reporter-output>
          </reporter-output>
        </test-method> <!-- TestTitle -->
        <test-method signature="respClicktest()[pri:51, instance:com.qa.medicare.testcases.ProductPageTest@4b8729ff]" started-at="2021-09-30T12:15:32Z" name="respClicktest" finished-at="2021-09-30T12:15:35Z" duration-ms="2661" status="PASS">
          <reporter-output>
          </reporter-output>
        </test-method> <!-- respClicktest -->
        <test-method signature="aspiratorClickTest()[pri:52, instance:com.qa.medicare.testcases.ProductPageTest@4b8729ff]" started-at="2021-09-30T12:15:35Z" name="aspiratorClickTest" finished-at="2021-09-30T12:15:38Z" duration-ms="2873" status="PASS">
          <reporter-output>
          </reporter-output>
        </test-method> <!-- aspiratorClickTest -->
        <test-method signature="diaClick()[pri:53, instance:com.qa.medicare.testcases.ProductPageTest@4b8729ff]" started-at="2021-09-30T12:15:38Z" name="diaClick" finished-at="2021-09-30T12:15:40Z" duration-ms="2700" status="PASS">
          <reporter-output>
          </reporter-output>
        </test-method> <!-- diaClick -->
        <test-method signature="RangeTextText()[pri:54, instance:com.qa.medicare.testcases.ProductPageTest@4b8729ff]" started-at="2021-09-30T12:15:40Z" name="RangeTextText" finished-at="2021-09-30T12:15:41Z" duration-ms="43" status="PASS">
          <reporter-output>
          </reporter-output>
        </test-method> <!-- RangeTextText -->
      </class> <!-- com.qa.medicare.testcases.ProductPageTest -->
    </test> <!-- ProductPageTest Test2 -->
    <test started-at="2021-09-30T12:15:41Z" name="RespiratorypageTest Test2" finished-at="2021-09-30T12:15:48Z" duration-ms="7716">
      <class name="com.qa.medicare.testcases.RespiratorypageTest">
        <test-method signature="startBrowser()[pri:49, instance:com.qa.medicare.testcases.RespiratorypageTest@68746f22]" started-at="2021-09-30T12:15:41Z" name="startBrowser" finished-at="2021-09-30T12:15:45Z" duration-ms="4162" status="PASS">
          <reporter-output>
          </reporter-output>
        </test-method> <!-- startBrowser -->
        <test-method signature="pagetittlecheckTest()[pri:50, instance:com.qa.medicare.testcases.RespiratorypageTest@68746f22]" started-at="2021-09-30T12:15:45Z" name="pagetittlecheckTest" finished-at="2021-09-30T12:15:45Z" duration-ms="8" status="PASS">
          <reporter-output>
          </reporter-output>
        </test-method> <!-- pagetittlecheckTest -->
        <test-method signature="dropdownclickTest()[pri:51, instance:com.qa.medicare.testcases.RespiratorypageTest@68746f22]" started-at="2021-09-30T12:15:45Z" name="dropdownclickTest" finished-at="2021-09-30T12:15:48Z" duration-ms="3542" status="PASS">
          <reporter-output>
          </reporter-output>
        </test-method> <!-- dropdownclickTest -->
      </class> <!-- com.qa.medicare.testcases.RespiratorypageTest -->
    </test> <!-- RespiratorypageTest Test2 -->
    <test started-at="2021-09-30T12:15:48Z" name="OrderPageTest Test2" finished-at="2021-09-30T12:16:08Z" duration-ms="20090">
      <class name="com.qa.medicare.testcases.OrderPageTest">
        <test-method signature="StartBrowser()[pri:49, instance:com.qa.medicare.testcases.OrderPageTest@16612a51]" started-at="2021-09-30T12:15:48Z" name="StartBrowser" finished-at="2021-09-30T12:15:52Z" duration-ms="4248" status="PASS">
          <reporter-output>
          </reporter-output>
        </test-method> <!-- StartBrowser -->
        <test-method signature="OrderCreateTest()[pri:50, instance:com.qa.medicare.testcases.OrderPageTest@16612a51]" started-at="2021-09-30T12:15:52Z" name="OrderCreateTest" finished-at="2021-09-30T12:16:05Z" duration-ms="12419" status="PASS">
          <reporter-output>
          </reporter-output>
        </test-method> <!-- OrderCreateTest -->
        <test-method signature="HabdleAlertTest()[pri:51, instance:com.qa.medicare.testcases.OrderPageTest@16612a51]" started-at="2021-09-30T12:16:05Z" name="HabdleAlertTest" finished-at="2021-09-30T12:16:08Z" duration-ms="3420" status="PASS">
          <reporter-output>
          </reporter-output>
        </test-method> <!-- HabdleAlertTest -->
      </class> <!-- com.qa.medicare.testcases.OrderPageTest -->
    </test> <!-- OrderPageTest Test2 -->
  </suite> <!-- testCycle1 -->
</testng-results>
